mode: set
src/soat23-gp14-hackaton-serverless/main.go:16.13,19.38 3 0
src/soat23-gp14-hackaton-serverless/main.go:19.38,23.3 1 0
src/soat23-gp14-hackaton-serverless/main.go:24.2,26.31 3 0
src/soat23-gp14-hackaton-serverless/main.go:29.110,31.2 1 0
src/soat23-gp14-hackaton-serverless/main.go:33.13,35.2 1 0
src/soat23-gp14-hackaton-serverless/domain/user.go:18.45,22.2 1 1
src/soat23-gp14-hackaton-serverless/domain/user.go:24.77,26.14 2 1
src/soat23-gp14-hackaton-serverless/domain/user.go:26.14,28.3 1 1
src/soat23-gp14-hackaton-serverless/domain/user.go:29.2,35.16 2 0
src/soat23-gp14-hackaton-serverless/domain/user.go:35.16,37.3 1 0
src/soat23-gp14-hackaton-serverless/domain/user.go:38.2,38.12 1 0
src/soat23-gp14-hackaton-serverless/domain/user.go:41.83,43.14 2 1
src/soat23-gp14-hackaton-serverless/domain/user.go:43.14,45.3 1 1
src/soat23-gp14-hackaton-serverless/domain/user.go:46.2,47.16 2 0
src/soat23-gp14-hackaton-serverless/domain/user.go:47.16,49.3 1 0
src/soat23-gp14-hackaton-serverless/domain/user.go:50.2,50.25 1 0
src/soat23-gp14-hackaton-serverless/domain/user.go:53.45,54.24 1 1
src/soat23-gp14-hackaton-serverless/domain/user.go:54.24,56.3 1 1
src/soat23-gp14-hackaton-serverless/domain/user.go:58.2,58.13 1 0
src/soat23-gp14-hackaton-serverless/handlers/login.go:17.28,21.16 4 1
src/soat23-gp14-hackaton-serverless/handlers/login.go:21.16,27.3 3 1
src/soat23-gp14-hackaton-serverless/handlers/login.go:29.2,30.16 2 1
src/soat23-gp14-hackaton-serverless/handlers/login.go:30.16,36.3 3 0
src/soat23-gp14-hackaton-serverless/handlers/login.go:38.2,41.16 4 1
src/soat23-gp14-hackaton-serverless/handlers/login.go:41.16,47.3 3 1
src/soat23-gp14-hackaton-serverless/handlers/login.go:49.2,52.4 2 0
src/soat23-gp14-hackaton-serverless/handlers/sign-up.go:13.29,17.16 4 1
src/soat23-gp14-hackaton-serverless/handlers/sign-up.go:17.16,23.3 3 1
src/soat23-gp14-hackaton-serverless/handlers/sign-up.go:24.2,25.16 2 1
src/soat23-gp14-hackaton-serverless/handlers/sign-up.go:25.16,31.3 3 0
src/soat23-gp14-hackaton-serverless/handlers/sign-up.go:32.2,34.48 3 1
src/soat23-gp14-hackaton-serverless/handlers/sign-up.go:34.48,40.3 3 1
src/soat23-gp14-hackaton-serverless/handlers/sign-up.go:41.2,43.4 1 0
src/soat23-gp14-hackaton-serverless/infra/adapters/adapters.go:28.43,32.2 1 1
src/soat23-gp14-hackaton-serverless/infra/adapters/adapters.go:34.81,43.16 2 0
src/soat23-gp14-hackaton-serverless/infra/adapters/adapters.go:43.16,46.3 2 0
src/soat23-gp14-hackaton-serverless/infra/adapters/adapters.go:47.2,47.12 1 0
src/soat23-gp14-hackaton-serverless/infra/adapters/adapters.go:50.91,62.16 4 0
src/soat23-gp14-hackaton-serverless/infra/adapters/adapters.go:62.16,64.3 1 0
src/soat23-gp14-hackaton-serverless/infra/adapters/adapters.go:66.2,66.52 1 0
src/soat23-gp14-hackaton-serverless/infra/adapters/adapters.go:69.58,74.2 1 0
src/soat23-gp14-hackaton-serverless/infra/adapters/adapters.go:76.69,78.16 2 1
src/soat23-gp14-hackaton-serverless/infra/adapters/adapters.go:78.16,81.3 2 0
src/soat23-gp14-hackaton-serverless/infra/adapters/adapters.go:83.2,84.15 2 1
src/soat23-gp14-hackaton-serverless/infra/settings/env.go:5.29,7.2 1 0
src/soat23-gp14-hackaton-serverless/infra/settings/env.go:9.25,11.2 1 0
src/soat23-gp14-hackaton-serverless/infra/settings/env.go:13.27,15.2 1 0
src/soat23-gp14-hackaton-serverless/main.go:16.13,19.38 3 0
src/soat23-gp14-hackaton-serverless/main.go:19.38,23.3 1 0
src/soat23-gp14-hackaton-serverless/main.go:24.2,26.31 3 0
src/soat23-gp14-hackaton-serverless/main.go:29.110,31.2 1 0
src/soat23-gp14-hackaton-serverless/main.go:33.13,35.2 1 0
src/soat23-gp14-hackaton-serverless/domain/user.go:18.45,22.2 1 1
src/soat23-gp14-hackaton-serverless/domain/user.go:24.77,26.14 2 1
src/soat23-gp14-hackaton-serverless/domain/user.go:26.14,28.3 1 1
src/soat23-gp14-hackaton-serverless/domain/user.go:29.2,35.16 2 1
src/soat23-gp14-hackaton-serverless/domain/user.go:35.16,37.3 1 1
src/soat23-gp14-hackaton-serverless/domain/user.go:38.2,38.12 1 1
src/soat23-gp14-hackaton-serverless/domain/user.go:41.83,43.14 2 1
src/soat23-gp14-hackaton-serverless/domain/user.go:43.14,45.3 1 1
src/soat23-gp14-hackaton-serverless/domain/user.go:46.2,47.16 2 1
src/soat23-gp14-hackaton-serverless/domain/user.go:47.16,49.3 1 1
src/soat23-gp14-hackaton-serverless/domain/user.go:50.2,50.25 1 1
src/soat23-gp14-hackaton-serverless/domain/user.go:53.45,54.24 1 1
src/soat23-gp14-hackaton-serverless/domain/user.go:54.24,56.3 1 1
src/soat23-gp14-hackaton-serverless/domain/user.go:58.2,58.13 1 1
src/soat23-gp14-hackaton-serverless/handlers/login.go:17.28,21.16 4 0
src/soat23-gp14-hackaton-serverless/handlers/login.go:21.16,27.3 3 0
src/soat23-gp14-hackaton-serverless/handlers/login.go:29.2,30.16 2 0
src/soat23-gp14-hackaton-serverless/handlers/login.go:30.16,36.3 3 0
src/soat23-gp14-hackaton-serverless/handlers/login.go:38.2,41.16 4 0
src/soat23-gp14-hackaton-serverless/handlers/login.go:41.16,47.3 3 0
src/soat23-gp14-hackaton-serverless/handlers/login.go:49.2,52.4 2 0
src/soat23-gp14-hackaton-serverless/handlers/sign-up.go:13.29,17.16 4 0
src/soat23-gp14-hackaton-serverless/handlers/sign-up.go:17.16,23.3 3 0
src/soat23-gp14-hackaton-serverless/handlers/sign-up.go:24.2,25.16 2 0
src/soat23-gp14-hackaton-serverless/handlers/sign-up.go:25.16,31.3 3 0
src/soat23-gp14-hackaton-serverless/handlers/sign-up.go:32.2,34.48 3 0
src/soat23-gp14-hackaton-serverless/handlers/sign-up.go:34.48,40.3 3 0
src/soat23-gp14-hackaton-serverless/handlers/sign-up.go:41.2,43.4 1 0
src/soat23-gp14-hackaton-serverless/infra/adapters/adapters.go:28.43,32.2 1 0
src/soat23-gp14-hackaton-serverless/infra/adapters/adapters.go:34.81,43.16 2 0
src/soat23-gp14-hackaton-serverless/infra/adapters/adapters.go:43.16,46.3 2 0
src/soat23-gp14-hackaton-serverless/infra/adapters/adapters.go:47.2,47.12 1 0
src/soat23-gp14-hackaton-serverless/infra/adapters/adapters.go:50.91,62.16 4 0
src/soat23-gp14-hackaton-serverless/infra/adapters/adapters.go:62.16,64.3 1 0
src/soat23-gp14-hackaton-serverless/infra/adapters/adapters.go:66.2,66.52 1 0
src/soat23-gp14-hackaton-serverless/infra/adapters/adapters.go:69.58,74.2 1 0
src/soat23-gp14-hackaton-serverless/infra/adapters/adapters.go:76.69,78.16 2 0
src/soat23-gp14-hackaton-serverless/infra/adapters/adapters.go:78.16,81.3 2 0
src/soat23-gp14-hackaton-serverless/infra/adapters/adapters.go:83.2,84.15 2 0
src/soat23-gp14-hackaton-serverless/infra/settings/env.go:5.29,7.2 1 0
src/soat23-gp14-hackaton-serverless/infra/settings/env.go:9.25,11.2 1 0
src/soat23-gp14-hackaton-serverless/infra/settings/env.go:13.27,15.2 1 0
src/soat23-gp14-hackaton-serverless/main.go:16.13,19.38 3 0
src/soat23-gp14-hackaton-serverless/main.go:19.38,23.3 1 0
src/soat23-gp14-hackaton-serverless/main.go:24.2,26.31 3 0
src/soat23-gp14-hackaton-serverless/main.go:29.110,31.2 1 0
src/soat23-gp14-hackaton-serverless/main.go:33.13,35.2 1 0
src/soat23-gp14-hackaton-serverless/domain/user.go:18.45,22.2 1 0
src/soat23-gp14-hackaton-serverless/domain/user.go:24.77,26.14 2 0
src/soat23-gp14-hackaton-serverless/domain/user.go:26.14,28.3 1 0
src/soat23-gp14-hackaton-serverless/domain/user.go:29.2,35.16 2 0
src/soat23-gp14-hackaton-serverless/domain/user.go:35.16,37.3 1 0
src/soat23-gp14-hackaton-serverless/domain/user.go:38.2,38.12 1 0
src/soat23-gp14-hackaton-serverless/domain/user.go:41.83,43.14 2 0
src/soat23-gp14-hackaton-serverless/domain/user.go:43.14,45.3 1 0
src/soat23-gp14-hackaton-serverless/domain/user.go:46.2,47.16 2 0
src/soat23-gp14-hackaton-serverless/domain/user.go:47.16,49.3 1 0
src/soat23-gp14-hackaton-serverless/domain/user.go:50.2,50.25 1 0
src/soat23-gp14-hackaton-serverless/domain/user.go:53.45,54.24 1 0
src/soat23-gp14-hackaton-serverless/domain/user.go:54.24,56.3 1 0
src/soat23-gp14-hackaton-serverless/domain/user.go:58.2,58.13 1 0
src/soat23-gp14-hackaton-serverless/handlers/login.go:17.28,21.16 4 0
src/soat23-gp14-hackaton-serverless/handlers/login.go:21.16,27.3 3 0
src/soat23-gp14-hackaton-serverless/handlers/login.go:29.2,30.16 2 0
src/soat23-gp14-hackaton-serverless/handlers/login.go:30.16,36.3 3 0
src/soat23-gp14-hackaton-serverless/handlers/login.go:38.2,41.16 4 0
src/soat23-gp14-hackaton-serverless/handlers/login.go:41.16,47.3 3 0
src/soat23-gp14-hackaton-serverless/handlers/login.go:49.2,52.4 2 0
src/soat23-gp14-hackaton-serverless/handlers/sign-up.go:13.29,17.16 4 0
src/soat23-gp14-hackaton-serverless/handlers/sign-up.go:17.16,23.3 3 0
src/soat23-gp14-hackaton-serverless/handlers/sign-up.go:24.2,25.16 2 0
src/soat23-gp14-hackaton-serverless/handlers/sign-up.go:25.16,31.3 3 0
src/soat23-gp14-hackaton-serverless/handlers/sign-up.go:32.2,34.48 3 0
src/soat23-gp14-hackaton-serverless/handlers/sign-up.go:34.48,40.3 3 0
src/soat23-gp14-hackaton-serverless/handlers/sign-up.go:41.2,43.4 1 0
src/soat23-gp14-hackaton-serverless/infra/adapters/adapters.go:28.43,32.2 1 1
src/soat23-gp14-hackaton-serverless/infra/adapters/adapters.go:34.81,43.16 2 1
src/soat23-gp14-hackaton-serverless/infra/adapters/adapters.go:43.16,46.3 2 1
src/soat23-gp14-hackaton-serverless/infra/adapters/adapters.go:47.2,47.12 1 1
src/soat23-gp14-hackaton-serverless/infra/adapters/adapters.go:50.91,62.16 4 1
src/soat23-gp14-hackaton-serverless/infra/adapters/adapters.go:62.16,64.3 1 1
src/soat23-gp14-hackaton-serverless/infra/adapters/adapters.go:66.2,66.52 1 1
src/soat23-gp14-hackaton-serverless/infra/adapters/adapters.go:69.58,74.2 1 1
src/soat23-gp14-hackaton-serverless/infra/adapters/adapters.go:76.69,78.16 2 1
src/soat23-gp14-hackaton-serverless/infra/adapters/adapters.go:78.16,81.3 2 1
src/soat23-gp14-hackaton-serverless/infra/adapters/adapters.go:83.2,84.15 2 1
src/soat23-gp14-hackaton-serverless/infra/settings/env.go:5.29,7.2 1 0
src/soat23-gp14-hackaton-serverless/infra/settings/env.go:9.25,11.2 1 0
src/soat23-gp14-hackaton-serverless/infra/settings/env.go:13.27,15.2 1 1
src/soat23-gp14-hackaton-serverless/main.go:16.13,19.38 3 0
src/soat23-gp14-hackaton-serverless/main.go:19.38,23.3 1 0
src/soat23-gp14-hackaton-serverless/main.go:24.2,26.31 3 0
src/soat23-gp14-hackaton-serverless/main.go:29.110,31.2 1 0
src/soat23-gp14-hackaton-serverless/main.go:33.13,35.2 1 0
src/soat23-gp14-hackaton-serverless/domain/user.go:18.45,22.2 1 0
src/soat23-gp14-hackaton-serverless/domain/user.go:24.77,26.14 2 0
src/soat23-gp14-hackaton-serverless/domain/user.go:26.14,28.3 1 0
src/soat23-gp14-hackaton-serverless/domain/user.go:29.2,35.16 2 0
src/soat23-gp14-hackaton-serverless/domain/user.go:35.16,37.3 1 0
src/soat23-gp14-hackaton-serverless/domain/user.go:38.2,38.12 1 0
src/soat23-gp14-hackaton-serverless/domain/user.go:41.83,43.14 2 0
src/soat23-gp14-hackaton-serverless/domain/user.go:43.14,45.3 1 0
src/soat23-gp14-hackaton-serverless/domain/user.go:46.2,47.16 2 0
src/soat23-gp14-hackaton-serverless/domain/user.go:47.16,49.3 1 0
src/soat23-gp14-hackaton-serverless/domain/user.go:50.2,50.25 1 0
src/soat23-gp14-hackaton-serverless/domain/user.go:53.45,54.24 1 0
src/soat23-gp14-hackaton-serverless/domain/user.go:54.24,56.3 1 0
src/soat23-gp14-hackaton-serverless/domain/user.go:58.2,58.13 1 0
src/soat23-gp14-hackaton-serverless/handlers/login.go:17.28,21.16 4 0
src/soat23-gp14-hackaton-serverless/handlers/login.go:21.16,27.3 3 0
src/soat23-gp14-hackaton-serverless/handlers/login.go:29.2,30.16 2 0
src/soat23-gp14-hackaton-serverless/handlers/login.go:30.16,36.3 3 0
src/soat23-gp14-hackaton-serverless/handlers/login.go:38.2,41.16 4 0
src/soat23-gp14-hackaton-serverless/handlers/login.go:41.16,47.3 3 0
src/soat23-gp14-hackaton-serverless/handlers/login.go:49.2,52.4 2 0
src/soat23-gp14-hackaton-serverless/handlers/sign-up.go:13.29,17.16 4 0
src/soat23-gp14-hackaton-serverless/handlers/sign-up.go:17.16,23.3 3 0
src/soat23-gp14-hackaton-serverless/handlers/sign-up.go:24.2,25.16 2 0
src/soat23-gp14-hackaton-serverless/handlers/sign-up.go:25.16,31.3 3 0
src/soat23-gp14-hackaton-serverless/handlers/sign-up.go:32.2,34.48 3 0
src/soat23-gp14-hackaton-serverless/handlers/sign-up.go:34.48,40.3 3 0
src/soat23-gp14-hackaton-serverless/handlers/sign-up.go:41.2,43.4 1 0
src/soat23-gp14-hackaton-serverless/infra/adapters/adapters.go:28.43,32.2 1 0
src/soat23-gp14-hackaton-serverless/infra/adapters/adapters.go:34.81,43.16 2 0
src/soat23-gp14-hackaton-serverless/infra/adapters/adapters.go:43.16,46.3 2 0
src/soat23-gp14-hackaton-serverless/infra/adapters/adapters.go:47.2,47.12 1 0
src/soat23-gp14-hackaton-serverless/infra/adapters/adapters.go:50.91,62.16 4 0
src/soat23-gp14-hackaton-serverless/infra/adapters/adapters.go:62.16,64.3 1 0
src/soat23-gp14-hackaton-serverless/infra/adapters/adapters.go:66.2,66.52 1 0
src/soat23-gp14-hackaton-serverless/infra/adapters/adapters.go:69.58,74.2 1 0
src/soat23-gp14-hackaton-serverless/infra/adapters/adapters.go:76.69,78.16 2 0
src/soat23-gp14-hackaton-serverless/infra/adapters/adapters.go:78.16,81.3 2 0
src/soat23-gp14-hackaton-serverless/infra/adapters/adapters.go:83.2,84.15 2 0
src/soat23-gp14-hackaton-serverless/infra/settings/env.go:5.29,7.2 1 1
src/soat23-gp14-hackaton-serverless/infra/settings/env.go:9.25,11.2 1 1
src/soat23-gp14-hackaton-serverless/infra/settings/env.go:13.27,15.2 1 1
src/soat23-gp14-hackaton-serverless/main.go:16.13,19.38 3 1
src/soat23-gp14-hackaton-serverless/main.go:19.38,23.3 1 1
src/soat23-gp14-hackaton-serverless/main.go:24.2,26.31 3 1
src/soat23-gp14-hackaton-serverless/main.go:29.110,31.2 1 1
src/soat23-gp14-hackaton-serverless/main.go:33.13,35.2 1 0
src/soat23-gp14-hackaton-serverless/domain/user.go:18.45,22.2 1 0
src/soat23-gp14-hackaton-serverless/domain/user.go:24.77,26.14 2 0
src/soat23-gp14-hackaton-serverless/domain/user.go:26.14,28.3 1 0
src/soat23-gp14-hackaton-serverless/domain/user.go:29.2,35.16 2 0
src/soat23-gp14-hackaton-serverless/domain/user.go:35.16,37.3 1 0
src/soat23-gp14-hackaton-serverless/domain/user.go:38.2,38.12 1 0
src/soat23-gp14-hackaton-serverless/domain/user.go:41.83,43.14 2 0
src/soat23-gp14-hackaton-serverless/domain/user.go:43.14,45.3 1 0
src/soat23-gp14-hackaton-serverless/domain/user.go:46.2,47.16 2 0
src/soat23-gp14-hackaton-serverless/domain/user.go:47.16,49.3 1 0
src/soat23-gp14-hackaton-serverless/domain/user.go:50.2,50.25 1 0
src/soat23-gp14-hackaton-serverless/domain/user.go:53.45,54.24 1 0
src/soat23-gp14-hackaton-serverless/domain/user.go:54.24,56.3 1 0
src/soat23-gp14-hackaton-serverless/domain/user.go:58.2,58.13 1 0
src/soat23-gp14-hackaton-serverless/handlers/login.go:17.28,21.16 4 0
src/soat23-gp14-hackaton-serverless/handlers/login.go:21.16,27.3 3 0
src/soat23-gp14-hackaton-serverless/handlers/login.go:29.2,30.16 2 0
src/soat23-gp14-hackaton-serverless/handlers/login.go:30.16,36.3 3 0
src/soat23-gp14-hackaton-serverless/handlers/login.go:38.2,41.16 4 0
src/soat23-gp14-hackaton-serverless/handlers/login.go:41.16,47.3 3 0
src/soat23-gp14-hackaton-serverless/handlers/login.go:49.2,52.4 2 0
src/soat23-gp14-hackaton-serverless/handlers/sign-up.go:13.29,17.16 4 0
src/soat23-gp14-hackaton-serverless/handlers/sign-up.go:17.16,23.3 3 0
src/soat23-gp14-hackaton-serverless/handlers/sign-up.go:24.2,25.16 2 0
src/soat23-gp14-hackaton-serverless/handlers/sign-up.go:25.16,31.3 3 0
src/soat23-gp14-hackaton-serverless/handlers/sign-up.go:32.2,34.48 3 0
src/soat23-gp14-hackaton-serverless/handlers/sign-up.go:34.48,40.3 3 0
src/soat23-gp14-hackaton-serverless/handlers/sign-up.go:41.2,43.4 1 0
src/soat23-gp14-hackaton-serverless/infra/adapters/adapters.go:28.43,32.2 1 0
src/soat23-gp14-hackaton-serverless/infra/adapters/adapters.go:34.81,43.16 2 0
src/soat23-gp14-hackaton-serverless/infra/adapters/adapters.go:43.16,46.3 2 0
src/soat23-gp14-hackaton-serverless/infra/adapters/adapters.go:47.2,47.12 1 0
src/soat23-gp14-hackaton-serverless/infra/adapters/adapters.go:50.91,62.16 4 0
src/soat23-gp14-hackaton-serverless/infra/adapters/adapters.go:62.16,64.3 1 0
src/soat23-gp14-hackaton-serverless/infra/adapters/adapters.go:66.2,66.52 1 0
src/soat23-gp14-hackaton-serverless/infra/adapters/adapters.go:69.58,74.2 1 0
src/soat23-gp14-hackaton-serverless/infra/adapters/adapters.go:76.69,78.16 2 0
src/soat23-gp14-hackaton-serverless/infra/adapters/adapters.go:78.16,81.3 2 0
src/soat23-gp14-hackaton-serverless/infra/adapters/adapters.go:83.2,84.15 2 0
src/soat23-gp14-hackaton-serverless/infra/settings/env.go:5.29,7.2 1 0
src/soat23-gp14-hackaton-serverless/infra/settings/env.go:9.25,11.2 1 0
src/soat23-gp14-hackaton-serverless/infra/settings/env.go:13.27,15.2 1 0
